nohup: ignoring input
/home/user1/projects/kaiten-webhook-bot/app.py:295: DeprecationWarning: 
        on_event is deprecated, use lifespan event handlers instead.

        Read more about it in the
        [FastAPI docs for Lifespan Events](https://fastapi.tiangolo.com/advanced/events/).
        
  @app.on_event("startup")
INFO:     Started server process [257436]
INFO:     Waiting for application startup.
INFO:     Application startup complete.
INFO:     Uvicorn running on http://0.0.0.0:8000 (Press CTRL+C to quit)
[AUTO-REPORT] 🤖 Запущен автоматический отправщик отчётов
[AUTO-REPORT] Отчёты будут отправляться каждый день в 08:30 (время Новокузнецка, UTC+7)
[STARTUP] ✅ Сервер запущен! Автоматическая отправка отчётов активирована.
[TEST-REPORT] 🧪 Отправка тестового отчёта
[DEBUG] ========== ОТПРАВКА В TELEGRAM ==========
[DEBUG] TELEGRAM_TOKEN загружен: True
[DEBUG] TELEGRAM_CHAT_ID: -5010045436 (тип: <class 'str'>)
[DEBUG] URL: https://149.154.167.220/bot8301229824:AAGHTbRWc3M1wGrCCRgMgQtfY6k40PxnXSs/sendMessage
[DEBUG] Длина текста отчёта: 146 символов
[DEBUG] Первые 200 символов текста: 🧪 ТЕСТОВЫЙ ОТЧЁТ

🕐 Текущее время: 2025-12-12 13:34:54 (Новокузнецк)

📅 2025-12-12: нет данных

📅 2025-12-11: нет данных

📅 2025-12-10: нет данных
[TELEGRAM] HTTP статус: 200
[TELEGRAM] Ответ API: {"ok":true,"result":{"message_id":12,"from":{"id":8301229824,"is_bot":true,"first_name":"kaiten_gpzu_bot","username":"kaiten_gpzu_bot"},"chat":{"id":-5010045436,"title":"Vera & \u0415\u0432\u0430 \u041b\u0435\u0432\u0447\u0435\u043d\u043a\u043e, \u0421\u0430\u0432\u0435\u043b\u0438\u0439","type":"group","all_members_are_administrators":true,"accepted_gift_types":{"unlimited_gifts":false,"limited_gifts":false,"unique_gifts":false,"premium_subscription":false}},"date":1765521294,"text":"\ud83e\udd
[TELEGRAM] ✅ Отчёт успешно отправлен!
INFO:     127.0.0.1:34898 - "GET /test_report HTTP/1.1" 200 OK
INFO:     65.49.1.222:44686 - "GET / HTTP/1.1" 404 Not Found
WARNING:  Invalid HTTP request received.
